2019.08.09 09:56:48 60.18 0.0997 36.61 0.0995
2019.08.09 09:56:49 59.67 1.2050 36.48 0.5528
2019.08.09 09:56:49 60.46 1.1728 36.99 0.9779
2019.08.09 09:56:50 63.06 1.1619 38.65 0.5392
2019.08.09 09:56:50 66.14 -0.0001 39.87 -0.0006
2019.08.09 09:56:50 68.4 -0.0002 40.21 -0.0005
2019.08.09 09:56:51 68.95 -0.0002 40.21 0.4642
2019.08.09 09:56:51 68.6 1.0480 40.48 0.8064
2019.08.09 09:56:52 68.88 1.1461 41.54 0.4809
2019.08.09 09:56:52 70.63 1.1362 42.25 -0.0005
2019.08.09 09:56:52 73.13 -0.0001 42.39 -0.0006
2019.08.09 09:56:53 75.02 -0.0002 42.22 -0.0006
2019.08.09 09:56:53 75.36 -0.0002 41.95 0.0884
2019.08.09 09:56:54 74.85 -0.0002 41.67 0.0764
2019.08.09 09:56:54 73.99 0.0431 41.37 0.1130
2019.08.09 09:56:54 73.03 0.4296 41.1 0.1515
2019.08.09 09:56:55 72.27 0.6131 40.82 0.1472
2019.08.09 09:56:55 71.96 0.4948 40.62 0.1834
2019.08.09 09:56:56 71.9 0.1012 40.42 0.1292
2019.08.09 09:56:56 71.62 -0.0002 40.21 0.1478
2019.08.09 09:56:57 71.0 0.1171 40.04 0.1878
2019.08.09 09:56:57 70.28 0.5000 39.87 0.1601
2019.08.09 09:56:57 69.7 0.6590 39.7 0.1856
2019.08.09 09:56:58 69.63 0.6071 39.57 0.2273
2019.08.09 09:56:58 69.91 0.1601 39.47 0.2397
2019.08.09 09:56:59 69.98 -0.0002 39.36 0.2640
2019.08.09 09:56:59 69.56 -0.0003 39.36 0.3408
2019.08.09 09:56:59 68.91 0.5658 39.43 0.2819
2019.08.09 09:57:00 68.43 0.9219 39.5 0.2556
2019.08.09 09:57:00 68.88 0.9393 39.53 0.2902
2019.08.09 09:57:01 70.25 0.0983 39.53 0.3652
2019.08.09 09:57:01 71.21 -0.0002 39.67 0.4331
2019.08.09 09:57:02 71.18 -0.0002 39.91 0.3057
2019.08.09 09:57:02 70.59 0.1155 40.08 0.1888
2019.08.09 09:57:02 69.91 0.6566 40.04 0.2432
2019.08.09 09:57:03 69.53 0.8212 39.97 0.4440
2019.08.09 09:57:03 69.91 0.6098 40.18 0.4818
2019.08.09 09:57:04 70.59 -0.0002 40.52 0.1786
2019.08.09 09:57:04 70.83 -0.0002 40.59 -0.0006
2019.08.09 09:57:04 70.46 -0.0002 40.45 0.1780
2019.08.09 09:57:05 69.84 0.3876 40.31 0.3708
2019.08.09 09:57:05 69.22 0.6870 40.35 0.3529
2019.08.09 09:57:06 69.05 0.8103 40.45 0.1467
2019.08.09 09:57:06 69.63 0.4769 40.42 0.0418
2019.08.09 09:57:06 70.25 -0.0003 40.21 0.1328
2019.08.09 09:57:07 70.28 -0.0003 40.04 0.3182
2019.08.09 09:57:07 69.8 0.1511 39.97 0.2937
2019.08.09 09:57:08 69.15 0.7053 40.01 0.1990
2019.08.09 09:57:08 68.84 1.0042 39.91 0.0888
2019.08.09 09:57:08 69.67 0.8073 39.77 0.2406
2019.08.09 09:57:09 71.07 -0.0002 39.67 0.3114
2019.08.09 09:57:09 71.86 -0.0002 39.63 0.3145
2019.08.09 09:57:10 71.72 -0.0002 39.7 0.2881
2019.08.09 09:57:10 71.14 0.0197 39.74 0.1944
2019.08.09 09:57:11 70.39 0.4393 39.63 0.2443
2019.08.09 09:57:11 69.74 0.6783 39.6 0.4296
2019.08.09 09:57:11 69.6 0.6694 39.8 0.3896
2019.08.09 09:57:12 69.98 0.2282 39.97 0.1675
2019.08.09 09:57:12 70.15 -0.0003 39.97 0.1813
2019.08.09 09:57:13 69.84 -0.0003 39.91 0.3457
2019.08.09 09:57:13 69.26 0.3843 39.94 0.4190
2019.08.09 09:57:13 68.67 0.7473 40.11 0.3322
2019.08.09 09:57:14 68.6 0.9262 40.25 0.1726
2019.08.09 09:57:14 69.46 0.5551 40.21 0.1655
2019.08.09 09:57:15 70.49 -0.0002 40.08 0.3241
2019.08.09 09:57:15 70.76 -0.0003 40.08 0.4220
2019.08.09 09:57:15 70.42 -0.0002 40.25 0.2863
2019.08.09 09:57:16 69.77 0.5599 40.31 0.0783
2019.08.09 09:57:16 69.29 0.9260 40.21 0.1599
2019.08.09 09:57:17 69.7 0.8712 40.04 0.3062
2019.08.09 09:57:17 70.94 0.0024 39.97 0.3859
2019.08.09 09:57:18 71.72 -0.0003 40.08 0.2995
2019.08.09 09:57:18 71.59 -0.0003 40.14 0.1057
2019.08.09 09:57:18 71.0 -0.0003 40.04 0.1384
2019.08.09 09:57:19 70.25 0.4911 39.87 0.3057
2019.08.09 09:57:19 69.67 0.6923 39.8 0.3960
2019.08.09 09:57:20 69.63 0.6139 39.91 0.3239
2019.08.09 09:57:20 69.94 0.1336 39.97 0.1477
2019.08.09 09:57:20 70.01 -0.0002 39.94 0.1931
2019.08.09 09:57:21 69.6 -0.0003 39.84 0.2878
2019.08.09 09:57:21 68.95 0.5472 39.77 0.3812
2019.08.09 09:57:22 68.47 0.9103 39.84 0.3738
2019.08.09 09:57:22 68.84 0.9204 39.97 0.2465
2019.08.09 09:57:22 70.15 0.1661 40.01 0.1772
2019.08.09 09:57:23 71.04 -0.0002 39.91 0.2599
2019.08.09 09:57:23 70.97 -0.0001 39.84 0.4150
2019.08.09 09:57:24 70.39 0.2065 39.97 0.4051
2019.08.09 09:57:24 69.67 0.7167 40.18 0.1999
2019.08.09 09:57:25 69.36 0.9472 40.18 0.0881
2019.08.09 09:57:25 70.08 0.6420 40.04 0.2730
2019.08.09 09:57:25 71.11 -0.0002 39.97 0.4174
2019.08.09 09:57:26 71.52 -0.0002 40.08 0.3631
2019.08.09 09:57:26 71.24 -0.0002 40.21 0.1652
2019.08.09 09:57:27 70.59 0.1564 40.18 0.1156
2019.08.09 09:57:27 69.84 0.5686 40.04 0.2632
2019.08.09 09:57:27 69.39 0.7434 39.94 0.3781
2019.08.09 09:57:28 69.56 0.5548 40.01 0.3553
2019.08.09 09:57:28 70.01 -0.0002 40.11 0.1848
2019.08.09 09:57:29 70.08 -0.0002 40.11 0.1332
2019.08.09 09:57:29 69.63 0.0160 39.94 0.2242
2019.08.09 09:57:29 68.98 0.5913 39.84 0.4086
2019.08.09 09:57:30 68.54 0.9315 39.97 0.3651
2019.08.09 09:57:30 69.05 0.8989 40.11 0.1351
2019.08.09 09:57:31 70.42 0.0207 40.08 0.1024
2019.08.09 09:57:31 71.35 -0.0002 39.94 0.2608
2019.08.09 09:57:32 71.31 -0.0002 39.87 0.3916
2019.08.09 09:57:32 70.73 0.0742 39.97 0.3388
2019.08.09 09:57:32 70.08 0.5888 40.08 0.1649
2019.08.09 09:57:33 69.6 0.7130 40.04 0.1377
2019.08.09 09:57:33 69.8 0.6272 39.94 0.2819
2019.08.09 09:57:34 70.22 -0.0002 39.87 0.3542
2019.08.09 09:57:34 70.35 -0.0002 39.94 0.3468
2019.08.09 09:57:34 69.98 -0.0003 40.01 0.2040
2019.08.09 09:57:35 69.36 0.4771 40.01 0.1961
2019.08.09 09:57:35 68.84 0.8188 39.91 0.2654
2019.08.09 09:57:36 69.02 0.8670 39.84 0.3784
2019.08.09 09:57:36 69.98 0.2629 39.91 0.3703
2019.08.09 09:57:36 70.76 -0.0003 40.04 0.2371
2019.08.09 09:57:37 70.7 -0.0003 40.08 0.1584
2019.08.09 09:57:37 70.18 0.2115 39.97 0.2372
2019.08.09 09:57:38 69.5 0.6836 39.87 0.3956
2019.08.09 09:57:38 69.22 0.9459 39.94 0.4071
2019.08.09 09:57:39 69.91 0.6589 40.14 0.2431
2019.08.09 09:57:39 71.0 -0.0002 40.18 0.0875
2019.08.09 09:57:39 71.45 -0.0002 40.04 0.2197
2019.08.09 09:57:40 71.14 -0.0002 39.94 0.4123
2019.08.09 09:57:40 70.52 0.2312 40.01 0.3853
2019.08.09 09:57:41 69.8 0.5397 40.18 0.2107
2019.08.09 09:57:41 69.32 0.7286 40.18 0.0818
2019.08.09 09:57:41 69.43 0.5977 40.01 0.2301
2019.08.09 09:57:42 69.87 0.0738 39.91 0.4084
2019.08.09 09:57:42 69.94 -0.0002 40.01 0.3598
2019.08.09 09:57:43 69.53 0.0732 40.11 0.1531
2019.08.09 09:57:43 68.91 0.6157 40.08 0.1382
2019.08.09 09:57:44 68.5 0.9712 39.94 0.2591
2019.08.09 09:57:44 69.15 0.9340 39.84 0.3826
2019.08.09 09:57:44 70.59 -0.0003 39.94 0.3683
2019.08.09 09:57:45 71.66 -0.0002 40.04 0.1675
2019.08.09 09:57:45 71.69 -0.0002 40.01 0.1541
2019.08.09 09:57:46 71.14 -0.0002 39.91 0.2866
2019.08.09 09:57:46 70.39 0.4964 39.87 0.3741
2019.08.09 09:57:46 69.8 0.7016 39.97 0.3267
2019.08.09 09:57:47 69.8 0.6302 40.04 0.1850
2019.08.09 09:57:47 70.18 0.0799 40.01 0.2041
2019.08.09 09:57:48 70.32 -0.0002 39.94 0.3016
2019.08.09 09:57:48 69.91 -0.0002 39.91 0.3555
2019.08.09 09:57:48 69.29 0.4454 39.97 0.3249
2019.08.09 09:57:49 68.71 0.7504 40.08 0.2339
2019.08.09 09:57:49 68.78 0.8766 40.04 0.1687
2019.08.09 09:57:50 69.6 0.3518 39.97 0.3125
2019.08.09 09:57:50 70.35 -0.0002 39.97 0.3509
2019.08.09 09:57:50 70.39 -0.0002 40.01 0.2862
2019.08.09 09:57:51 69.91 0.1917 40.08 0.2413
2019.08.09 09:57:51 69.26 0.7465 40.04 0.2008
2019.08.09 09:57:52 69.08 1.0321 39.97 0.3065
2019.08.09 09:57:52 70.04 0.6816 39.97 0.3448
2019.08.09 09:57:53 71.42 -0.0002 40.01 0.2804
2019.08.09 09:57:53 72.03 -0.0003 40.04 0.2356
2019.08.09 09:57:53 71.83 -0.0003 40.04 0.2393
2019.08.09 09:57:54 71.21 0.0187 39.97 0.2663
2019.08.09 09:57:54 70.46 0.4704 39.94 0.3426
2019.08.09 09:57:55 69.84 0.6714 39.97 0.3126
2019.08.09 09:57:55 69.77 0.6251 40.01 0.2545
2019.08.09 09:57:55 70.04 0.1221 40.01 0.2403
2019.08.09 09:57:56 70.08 -0.0002 39.97 0.2776
2019.08.09 09:57:56 69.7 -0.0003 39.94 0.3239
2019.08.09 09:57:57 69.02 0.4582 39.97 0.3220
2019.08.09 09:57:57 68.47 0.8770 40.01 0.2627
2019.08.09 09:57:57 68.67 0.9338 40.01 0.2483
2019.08.09 09:57:58 69.87 0.3112 39.97 0.2856
2019.08.09 09:57:58 70.87 -0.0001 39.94 0.3303
2019.08.09 09:57:59 70.9 -0.0002 39.97 0.3298
2019.08.09 09:57:59 70.42 0.1178 40.04 0.2693
2019.08.09 09:58:00 69.7 0.6247 40.04 0.2214
2019.08.09 09:58:00 69.29 0.9439 39.97 0.2856
2019.08.09 09:58:00 69.8 0.7500 39.97 0.3621
2019.08.09 09:58:01 70.87 -0.0002 39.97 0.2976
2019.08.09 09:58:01 71.45 -0.0002 40.04 0.3001
2019.08.09 09:58:02 71.21 -0.0003 40.04 0.2195
2019.08.09 09:58:02 70.56 0.1421 40.01 0.2868
2019.08.09 09:58:02 69.8 0.5671 39.97 0.3177
2019.08.09 09:58:03 69.29 0.7620 40.01 0.3335
2019.08.09 09:58:03 69.46 0.6338 40.08 0.2523
2019.08.09 09:58:04 70.01 0.0140 40.04 0.2104
2019.08.09 09:58:04 70.18 -0.0003 40.01 0.3152
2019.08.09 09:58:04 69.77 -0.0003 40.01 0.3097
2019.08.09 09:58:05 69.12 0.5595 40.04 0.2787
2019.08.09 09:58:05 68.67 0.9134 40.08 0.2435
2019.08.09 09:58:06 69.08 0.8706 40.01 0.2236
2019.08.09 09:58:06 70.28 0.0891 39.94 0.3343
2019.08.09 09:58:07 71.11 -0.0002 39.97 0.3473
2019.08.09 09:58:07 71.0 -0.0003 40.04 0.2495
2019.08.09 09:58:07 70.42 0.2038 40.04 0.1993
2019.08.09 09:58:08 69.7 0.6732 39.97 0.2659
2019.08.09 09:58:08 69.39 0.9017 39.91 0.3421
2019.08.09 09:58:09 69.94 0.5927 39.94 0.3463
2019.08.09 09:58:09 70.83 -0.0003 40.04 0.2624
2019.08.09 09:58:09 71.11 -0.0002 40.08 0.1778
2019.08.09 09:58:10 70.76 -0.0002 39.97 0.2272
2019.08.09 09:58:10 70.11 0.2971 39.91 0.3904
2019.08.09 09:58:11 69.43 0.6257 39.97 0.3517
2019.08.09 09:58:11 69.12 0.7731 40.11 0.2330
2019.08.09 09:58:11 69.46 0.5204 40.08 0.1335
2019.08.09 09:58:12 69.98 -0.0003 39.97 0.2923
2019.08.09 09:58:12 70.04 -0.0003 39.91 0.3874
2019.08.09 09:58:13 69.56 0.1156 40.01 0.3506
2019.08.09 09:58:13 68.95 0.7167 40.14 0.1845
2019.08.09 09:58:14 68.67 0.9957 40.08 0.1297
2019.08.09 09:58:14 69.53 0.8156 39.97 0.3113
2019.08.09 09:58:14 70.94 -0.0002 39.94 0.3722
2019.08.09 09:58:15 71.76 -0.0003 40.04 0.3055
2019.08.09 09:58:15 71.66 -0.0003 40.08 0.1620
2019.08.09 09:58:16 71.07 0.0408 40.04 0.2120
2019.08.09 09:58:16 70.32 0.4749 39.94 0.2907
2019.08.09 09:58:16 69.77 0.6819 39.91 0.3629
2019.08.09 09:58:17 69.7 0.5669 40.01 0.3068
2019.08.09 09:58:17 69.98 0.1411 40.08 0.1715
2019.08.09 09:58:18 69.98 -0.0003 40.01 0.1867
2019.08.09 09:58:18 69.53 0.0493 39.91 0.3298
2019.08.09 09:58:19 68.91 0.5622 39.91 0.3726
2019.08.09 09:58:19 68.5 0.8790 40.01 0.2849
2019.08.09 09:58:19 68.88 0.8465 40.08 0.1780
2019.08.09 09:58:20 70.01 0.1464 39.97 0.1935
2019.08.09 09:58:20 70.76 -0.0003 39.91 0.3786
2019.08.09 09:58:21 70.66 -0.0003 39.94 0.3476
2019.08.09 09:58:21 70.11 0.3171 40.04 0.2589
2019.08.09 09:58:21 69.46 0.7893 40.08 0.1796
2019.08.09 09:58:22 69.43 0.9979 39.97 0.2262
2019.08.09 09:58:22 70.46 0.4523 39.87 0.3830
2019.08.09 09:58:23 71.55 -0.0003 39.94 0.3943
2019.08.09 09:58:23 71.79 -0.0003 40.11 0.2271
2019.08.09 09:58:23 71.38 -0.0003 40.14 0.1013
2019.08.09 09:58:24 70.7 0.2707 40.04 0.2271
2019.08.09 09:58:24 69.98 0.5788 39.91 0.3593
2019.08.09 09:58:25 69.6 0.6906 39.97 0.4085
2019.08.09 09:58:25 69.74 0.4399 40.14 0.2230
2019.08.09 09:58:25 69.98 -0.0002 40.14 0.0893
2019.08.09 09:58:26 69.84 -0.0002 40.04 0.2408
2019.08.09 09:58:26 69.29 0.2284 39.94 0.3489
2019.08.09 09:58:27 68.67 0.7261 39.97 0.3582
2019.08.09 09:58:27 68.47 0.9665 40.04 0.2335
2019.08.09 09:58:28 69.29 0.7141 40.08 0.1844
2019.08.09 09:58:28 70.56 -0.0002 39.97 0.2031
2019.08.09 09:58:28 71.14 -0.0003 39.87 0.3641
2019.08.09 09:58:29 70.94 -0.0003 39.91 0.3756
2019.08.09 09:58:29 70.32 0.3238 40.01 0.2382
2019.08.09 09:58:30 69.7 0.7523 40.04 0.1715
2019.08.09 09:58:30 69.56 0.8367 39.94 0.2322
2019.08.09 09:58:30 70.25 0.4310 39.84 0.3716
2019.08.09 09:58:31 70.9 -0.0003 39.94 0.3951
2019.08.09 09:58:31 70.94 -0.0003 40.08 0.1943
2019.08.09 09:58:32 70.46 -0.0003 40.08 0.1332
2019.08.09 09:58:32 69.77 0.4859 39.97 0.2674
2019.08.09 09:58:32 69.22 0.7508 39.91 0.3861
2019.08.09 09:58:33 69.26 0.7359 40.01 0.3518
2019.08.09 09:58:33 69.87 0.2304 40.14 0.1875
2019.08.09 09:58:34 70.28 -0.0002 40.11 0.1352
2019.08.09 09:58:34 70.04 -0.0003 39.97 0.2829
2019.08.09 09:58:35 69.46 0.4177 39.91 0.4104
2019.08.09 09:58:35 68.88 0.8354 40.04 0.3404
2019.08.09 09:58:35 68.98 0.9824 40.18 0.1429
2019.08.09 09:58:36 70.15 0.4123 40.08 0.1043
2019.08.09 09:58:36 71.24 -0.0003 39.94 0.3358
2019.08.09 09:58:37 71.42 -0.0003 39.91 0.3995
2019.08.09 09:58:37 70.97 -0.0003 40.04 0.2997
2019.08.09 09:58:37 70.32 0.4578 40.11 0.1227
2019.08.09 09:58:38 69.7 0.6736 40.01 0.1695
2019.08.09 09:58:38 69.56 0.7205 39.87 0.3416
2019.08.09 09:58:39 69.98 0.3162 39.87 0.4054
2019.08.09 09:58:39 70.28 -0.0002 40.01 0.2823
2019.08.09 09:58:39 70.04 -0.0002 40.08 0.1277
2019.08.09 09:58:40 69.46 0.3501 40.01 0.1840
2019.08.09 09:58:40 68.88 0.7708 39.84 0.3275
2019.08.09 09:58:41 68.81 0.9176 39.84 0.4526
2019.08.09 09:58:41 69.67 0.5390 40.08 0.3042
2019.08.09 09:58:42 70.66 -0.0003 40.21 0.0437
2019.08.09 09:58:42 70.94 -0.0003 40.11 0.1138
2019.08.09 09:58:42 70.56 -0.0003 39.97 0.3451
2019.08.09 09:58:43 69.91 0.5320 39.97 0.4012
2019.08.09 09:58:43 69.39 0.8466 40.11 0.2638
2019.08.09 09:58:44 69.67 0.8285 40.18 0.1057
2019.08.09 09:58:44 70.66 0.0590 40.04 0.1515
2019.08.09 09:58:44 71.31 -0.0002 39.91 0.3622
2019.08.09 09:58:45 71.11 -0.0002 39.94 0.3797
2019.08.09 09:58:45 70.52 0.1353 40.04 0.2209
2019.08.09 09:58:46 69.84 0.5143 40.08 0.1420
2019.08.09 09:58:46 69.32 0.6835 39.97 0.1887
2019.08.09 09:58:46 69.36 0.6355 39.87 0.3454
2019.08.09 09:58:47 69.77 0.1515 39.87 0.3573
2019.08.09 09:58:47 69.91 -0.0002 40.01 0.2724
2019.08.09 09:58:48 69.56 0.0217 40.08 0.1179
2019.08.09 09:58:48 68.95 0.5666 39.94 0.1771
2019.08.09 09:58:49 68.54 0.9659 39.8 0.3969
2019.08.09 09:58:49 69.08 0.9364 39.91 0.4270
2019.08.09 09:58:49 70.59 0.0535 40.14 0.1852
2019.08.09 09:58:50 71.62 -0.0003 40.14 0.0363
2019.08.09 09:58:50 71.62 -0.0003 40.01 0.2442
2019.08.09 09:58:51 71.07 0.0068 39.87 0.3874
2019.08.09 09:58:51 70.35 0.4970 39.94 0.4150
2019.08.09 09:58:51 69.77 0.7037 40.11 0.2123
2019.08.09 09:58:52 69.77 0.6483 40.08 0.0901
2019.08.09 09:58:52 70.15 0.1114 39.94 0.2779
2019.08.09 09:58:53 70.25 -0.0003 39.84 0.4015
2019.08.09 09:58:53 69.84 -0.0003 39.94 0.3915
2019.08.09 09:58:54 69.19 0.4954 40.11 0.1857
2019.08.09 09:58:54 68.67 0.8392 40.11 0.0971
2019.08.09 09:58:54 68.88 0.8789 39.94 0.2507
2019.08.09 09:58:55 69.91 0.2526 39.87 0.4349
2019.08.09 09:58:55 70.73 -0.0003 39.97 0.3570
2019.08.09 09:58:56 70.7 -0.0004 40.14 0.1835
2019.08.09 09:58:56 70.18 0.1937 40.14 0.0852
2019.08.09 09:58:56 69.53 0.6970 39.97 0.2431
2019.08.09 09:58:57 69.26 0.9269 39.87 0.4253
2019.08.09 09:58:57 69.91 0.6513 40.01 0.3788
2019.08.09 09:58:58 70.97 -0.0003 40.21 0.1347
2019.08.09 09:58:58 71.38 -0.0004 40.18 0.0327
2019.08.09 09:58:58 71.11 -0.0002 40.04 0.2505
2019.08.09 09:58:59 70.49 0.2143 39.94 0.3732
2019.08.09 09:58:59 69.77 0.5535 40.04 0.3418
2019.08.09 09:59:00 69.36 0.7420 40.14 0.1372
2019.08.09 09:59:00 69.53 0.5423 40.08 0.1150
2019.08.09 09:59:01 69.98 0.0068 39.91 0.2682
2019.08.09 09:59:01 70.01 -0.0002 39.84 0.3964
2019.08.09 09:59:01 69.56 0.0923 39.94 0.3252
2019.08.09 09:59:02 68.95 0.6347 40.08 0.1543
2019.08.09 09:59:02 68.6 0.9354 39.97 0.0957
2019.08.09 09:59:03 69.19 0.8396 39.84 0.3479
2019.08.09 09:59:03 70.46 -0.0003 39.87 0.3937
2019.08.09 09:59:03 71.24 -0.0003 40.01 0.2468
2019.08.09 09:59:04 71.11 -0.0003 40.04 0.1214
2019.08.09 09:59:04 70.52 0.2280 39.94 0.2255
2019.08.09 09:59:05 69.87 0.6822 39.84 0.3671
2019.08.09 09:59:05 69.56 0.8099 39.91 0.3896
2019.08.09 09:59:05 70.01 0.5539 40.08 0.2276
2019.08.09 09:59:06 70.7 -0.0003 40.14 0.1078
2019.08.09 09:59:06 70.8 -0.0002 40.01 0.1940
2019.08.09 09:59:07 70.39 -0.0003 39.91 0.3962
2019.08.09 09:59:07 69.74 0.4353 39.97 0.3837
2019.08.09 09:59:08 69.15 0.7311 40.14 0.2221
2019.08.09 09:59:08 69.15 0.8013 40.18 0.0887
2019.08.09 09:59:08 69.8 0.3105 40.04 0.1934
2019.08.09 09:59:09 70.35 -0.0002 39.94 0.3751
2019.08.09 09:59:09 70.22 -0.0002 40.01 0.3568
2019.08.09 09:59:10 69.7 0.3049 40.11 0.1792
2019.08.09 09:59:10 69.12 0.7482 40.08 0.1347
2019.08.09 09:59:10 69.02 0.9408 39.97 0.2553
2019.08.09 09:59:11 69.87 0.5707 39.91 0.3451
2019.08.09 09:59:11 70.94 -0.0002 39.94 0.3108
2019.08.09 09:59:12 71.28 -0.0003 40.01 0.2252
2019.08.09 09:59:12 70.97 -0.0003 39.97 0.1772
2019.08.09 09:59:12 70.32 0.3475 39.87 0.2940
2019.08.09 09:59:13 69.67 0.7000 39.87 0.3709
2019.08.09 09:59:13 69.5 0.7855 39.94 0.2856
2019.08.09 09:59:14 70.01 0.3890 40.01 0.2169
2019.08.09 09:59:14 70.52 -0.0002 39.97 0.2092
2019.08.09 09:59:15 70.46 -0.0003 39.87 0.3221
2019.08.09 09:59:15 69.94 0.1118 39.87 0.4032
2019.08.09 09:59:15 69.26 0.6071 40.04 0.3136
2019.08.09 09:59:16 68.88 0.8877 40.14 0.1307
2019.08.09 09:59:16 69.32 0.7325 40.04 0.1759
2019.08.09 09:59:17 70.28 -0.0002 39.91 0.3733
2019.08.09 09:59:17 70.83 -0.0003 39.97 0.4278
2019.08.09 09:59:17 70.59 -0.0003 40.18 0.2342
2019.08.09 09:59:18 70.01 0.3608 40.21 0.0492
2019.08.09 09:59:18 69.43 0.7332 40.08 0.2099
2019.08.09 09:59:19 69.36 0.8412 39.94 0.3700
2019.08.09 09:59:19 70.01 0.4109 39.97 0.3974
2019.08.09 09:59:19 70.73 -0.0002 40.14 0.2350
2019.08.09 09:59:20 70.73 -0.0003 40.21 0.0657
2019.08.09 09:59:20 70.25 0.0897 40.04 0.1414
2019.08.09 09:59:21 69.56 0.5771 39.91 0.3882
2019.08.09 09:59:21 69.12 0.8827 39.94 0.3702
2019.08.09 09:59:22 69.5 0.7596 40.11 0.2192
2019.08.09 09:59:22 70.49 -0.0004 40.11 0.0596
2019.08.09 09:59:22 71.04 -0.0003 40.01 0.2127
2019.08.09 09:59:23 70.83 -0.0003 39.87 0.3224
2019.08.09 09:59:23 70.25 0.2358 39.87 0.3876
2019.08.09 09:59:24 69.6 0.6157 39.97 0.2571
2019.08.09 09:59:24 69.26 0.7771 40.01 0.1546
2019.08.09 09:59:24 69.56 0.5826 39.91 0.2062
2019.08.09 09:59:25 70.15 -0.0002 39.8 0.3575
2019.08.09 09:59:25 70.28 -0.0003 39.84 0.3989
2019.08.09 09:59:26 69.87 0.0250 39.97 0.2581
2019.08.09 09:59:26 69.22 0.5998 40.01 0.1633
2019.08.09 09:59:26 68.78 0.9598 39.94 0.2446
2019.08.09 09:59:27 69.29 0.9033 39.84 0.3616
2019.08.09 09:59:27 70.7 0.0060 39.91 0.4138
2019.08.09 09:59:28 71.62 -0.0002 40.08 0.2520
2019.08.09 09:59:28 71.55 -0.0003 40.11 0.1249
2019.08.09 09:59:29 70.97 0.0257 40.01 0.2536
2019.08.09 09:59:29 70.22 0.4902 39.94 0.3891
2019.08.09 09:59:29 69.6 0.7034 40.04 0.3717
2019.08.09 09:59:30 69.53 0.6753 40.14 0.1963
2019.08.09 09:59:30 69.94 0.1983 40.11 0.1736
2019.08.09 09:59:31 70.15 -0.0002 40.04 0.2925
2019.08.09 09:59:31 69.77 -0.0002 39.94 0.3374
2019.08.09 09:59:31 69.12 0.5027 40.01 0.3836
2019.08.09 09:59:32 68.6 0.8786 40.11 0.2075
2019.08.09 09:59:32 68.84 0.9214 40.14 0.1600
2019.08.09 09:59:33 70.04 0.2681 40.01 0.2118
2019.08.09 09:59:33 70.97 -0.0002 39.91 0.3764
2019.08.09 09:59:33 70.94 -0.0003 39.94 0.3696
2019.08.09 09:59:34 70.42 0.1627 40.04 0.2417
2019.08.09 09:59:34 69.7 0.6443 40.08 0.1632
2019.08.09 09:59:35 69.36 0.9321 39.94 0.2097
2019.08.09 09:59:35 69.94 0.6586 39.84 0.4005
2019.08.09 09:59:36 70.9 -0.0002 39.91 0.3854
2019.08.09 09:59:36 71.35 -0.0003 40.08 0.2205
2019.08.09 09:59:36 71.04 -0.0002 40.11 0.0969
2019.08.09 09:59:37 70.42 0.2177 39.97 0.2250
2019.08.09 09:59:37 69.7 0.5552 39.87 0.4067
2019.08.09 09:59:38 69.26 0.7406 40.01 0.3878
2019.08.09 09:59:38 69.43 0.5809 40.18 0.1440
2019.08.09 09:59:38 69.87 0.0275 40.14 0.0818
2019.08.09 09:59:39 69.98 -0.0001 40.04 0.2760
2019.08.09 09:59:39 69.5 0.0388 39.94 0.3448
2019.08.09 09:59:40 68.84 0.6989 39.97 0.3558
2019.08.09 09:59:40 68.57 1.0305 40.04 0.2306
2019.08.09 09:59:40 69.39 0.8060 40.08 0.1824
2019.08.09 09:59:41 70.87 -0.0002 39.94 0.2000
2019.08.09 09:59:41 71.69 -0.0003 39.87 0.3967
2019.08.09 09:59:42 71.52 -0.0003 39.91 0.3448
2019.08.09 09:59:42 70.94 0.1510 40.01 0.2374
2019.08.09 09:59:43 70.18 0.5131 40.04 0.1712
2019.08.09 09:59:43 69.67 0.7476 39.91 0.2317
2019.08.09 09:59:43 69.74 0.5858 39.84 0.4052
2019.08.09 09:59:44 70.15 0.0473 39.97 0.3681
2019.08.09 09:59:44 70.22 -0.0003 40.11 0.1665
2019.08.09 09:59:45 69.84 -0.0002 40.08 0.1287
2019.08.09 09:59:45 69.19 0.4663 39.97 0.2947
2019.08.09 09:59:45 68.64 0.8492 39.94 0.3849
2019.08.09 09:59:46 68.84 0.9122 40.04 0.3149
2019.08.09 09:59:46 69.94 0.2742 40.14 0.1774
2019.08.09 09:59:47 70.87 -0.0002 40.08 0.1555
2019.08.09 09:59:47 70.9 -0.0002 39.97 0.3104
2019.08.09 09:59:47 70.39 0.0917 39.94 0.3743
2019.08.09 09:59:48 69.7 0.6282 40.04 0.3008
2019.08.09 09:59:48 69.29 0.8946 40.11 0.1631
2019.08.09 09:59:49 69.77 0.7247 40.01 0.1758
2019.08.09 09:59:49 70.73 -0.0001 39.91 0.3470
2019.08.09 09:59:50 71.18 -0.0002 39.91 0.3688
2019.08.09 09:59:50 70.9 -0.0002 40.01 0.2759
2019.08.09 09:59:50 70.28 0.2502 40.04 0.1650
2019.08.09 09:59:51 69.6 0.6013 39.94 0.2300
2019.08.09 09:59:51 69.22 0.7647 39.84 0.3703
2019.08.09 09:59:52 69.53 0.5745 39.91 0.3925
2019.08.09 09:59:52 70.01 -0.0002 40.08 0.2309
2019.08.09 09:59:52 70.15 -0.0002 40.08 0.1031
2019.08.09 09:59:53 69.74 0.0064 39.94 0.2681
2019.08.09 09:59:53 69.08 0.6014 39.87 0.4211
2019.08.09 09:59:54 68.64 0.9849 40.01 0.3721
2019.08.09 09:59:54 69.26 0.9291 40.18 0.1568
2019.08.09 09:59:54 70.73 -0.0003 40.14 0.0963
2019.08.09 09:59:55 71.76 -0.0002 40.01 0.2905
2019.08.09 09:59:55 71.72 -0.0002 39.94 0.3935
2019.08.09 09:59:56 71.21 -0.0002 40.04 0.3451
2019.08.09 09:59:56 70.49 0.3932 40.14 0.1615
2019.08.09 09:59:57 69.87 0.6397 40.11 0.1440
2019.08.09 09:59:57 69.63 0.6209 39.97 0.2626
2019.08.09 09:59:57 69.84 0.3075 39.87 0.3837
2019.08.09 09:59:58 69.94 -0.0002 39.97 0.3663
2019.08.09 09:59:58 69.63 -0.0003 40.11 0.1627
2019.08.09 09:59:59 69.02 0.4362 40.04 0.1005
2019.08.09 09:59:59 68.47 0.8505 39.94 0.3110
2019.08.09 09:59:59 68.64 0.9761 39.87 0.3543
2019.08.09 10:00:00 69.84 0.3895 39.97 0.3437
2019.08.09 10:00:00 70.97 -0.0002 40.08 0.1745
2019.08.09 10:00:01 71.07 -0.0002 40.01 0.1428
2019.08.09 10:00:01 70.66 0.0579 39.87 0.3288
2019.08.09 10:00:01 69.98 0.5364 39.87 0.4174
2019.08.09 10:00:02 69.5 0.8629 40.04 0.2943
2019.08.09 10:00:02 69.77 0.7619 40.11 0.1116
2019.08.09 10:00:03 70.66 0.0364 40.01 0.1904
2019.08.09 10:00:03 71.18 -0.0003 39.87 0.3624
2019.08.09 10:00:04 70.9 -0.0002 39.91 0.4310
2019.08.09 10:00:04 70.32 0.2444 40.11 0.2541
2019.08.09 10:00:04 69.6 0.5449 40.14 0.0746
2019.08.09 10:00:05 69.15 0.7840 40.08 0.2219
2019.08.09 10:00:05 69.39 0.6475 39.94 0.3078
2019.08.09 10:00:06 70.01 0.0127 39.94 0.4023
2019.08.09 10:00:06 70.22 -0.0002 40.04 0.2739
2019.08.09 10:00:06 69.84 -0.0003 40.11 0.1607
2019.08.09 10:00:07 69.22 0.5704 40.01 0.1748
2019.08.09 10:00:07 68.74 0.9110 39.87 0.3499
2019.08.09 10:00:08 69.15 0.9303 39.91 0.4129
2019.08.09 10:00:08 70.46 0.1100 40.08 0.2443
2019.08.09 10:00:08 71.38 -0.0003 40.11 0.0968
2019.08.09 10:00:09 71.35 -0.0002 40.04 0.2170
2019.08.09 10:00:09 70.8 0.0546 39.91 0.3211
2019.08.09 10:00:10 70.04 0.5445 39.87 0.3968
2019.08.09 10:00:10 69.56 0.8131 40.04 0.3244
2019.08.09 10:00:11 69.74 0.6290 40.14 0.1034
2019.08.09 10:00:11 70.39 0.0014 40.08 0.1479
2019.08.09 10:00:11 70.59 -0.0003 39.94 0.3001
2019.08.09 10:00:12 70.22 -0.0002 39.87 0.4026
2019.08.09 10:00:12 69.56 0.4015 40.01 0.3501
2019.08.09 10:00:13 68.98 0.7632 40.14 0.1305
2019.08.09 10:00:13 68.95 0.8288 40.11 0.1157
2019.08.09 10:00:13 69.67 0.3945 39.94 0.2625
2019.08.09 10:00:14 70.35 -0.0002 39.87 0.4185
2019.08.09 10:00:14 70.35 -0.0002 39.97 0.3431
2019.08.09 10:00:15 69.84 0.1975 40.08 0.1652
2019.08.09 10:00:15 69.15 0.7489 40.04 0.1427
2019.08.09 10:00:16 68.98 1.0595 39.94 0.2864
2019.08.09 10:00:16 69.98 0.6670 39.87 0.3588
2019.08.09 10:00:16 71.42 -0.0001 39.91 0.3484
2019.08.09 10:00:17 72.0 -0.0002 40.01 0.2443
2019.08.09 10:00:17 71.76 -0.0003 40.01 0.1736
2019.08.09 10:00:18 71.14 0.0637 39.94 0.2729
2019.08.09 10:00:18 70.39 0.4876 39.87 0.3529
2019.08.09 10:00:18 69.8 0.6766 39.94 0.3697
2019.08.09 10:00:19 69.74 0.5983 40.04 0.2340
2019.08.09 10:00:19 70.04 0.1219 40.04 0.1913
2019.08.09 10:00:20 70.08 -0.0003 39.97 0.2840
2019.08.09 10:00:20 69.67 -0.0002 39.91 0.3636
2019.08.09 10:00:20 69.02 0.4996 39.97 0.3671
2019.08.09 10:00:21 68.5 0.8528 40.08 0.2463
2019.08.09 10:00:21 68.78 0.9076 40.11 0.1809
2019.08.09 10:00:22 69.91 0.2215 40.01 0.2446
2019.08.09 10:00:22 70.8 -0.0002 39.94 0.3774
2019.08.09 10:00:22 70.76 -0.0002 40.01 0.3642
2019.08.09 10:00:23 70.25 0.2128 40.11 0.2163
2019.08.09 10:00:23 69.6 0.6897 40.08 0.1717
2019.08.09 10:00:24 69.32 0.9260 39.97 0.2923
2019.08.09 10:00:24 69.98 0.6528 39.94 0.3818
2019.08.09 10:00:25 70.97 -0.0002 40.01 0.3138
2019.08.09 10:00:25 71.38 -0.0003 40.11 0.2068
2019.08.09 10:00:25 71.07 -0.0002 40.08 0.1584
2019.08.09 10:00:26 70.42 0.2518 39.97 0.2851
2019.08.09 10:00:26 69.74 0.5952 39.94 0.3744
2019.08.09 10:00:27 69.36 0.7092 40.01 0.3053
2019.08.09 10:00:27 69.56 0.5145 40.08 0.2019
2019.08.09 10:00:27 69.87 -0.0003 40.01 0.1881
2019.08.09 10:00:28 69.87 -0.0002 39.91 0.3309
2019.08.09 10:00:28 69.39 0.1585 39.94 0.3784
2019.08.09 10:00:29 68.71 0.7177 40.01 0.2517
2019.08.09 10:00:29 68.5 1.0813 40.04 0.2059
2019.08.09 10:00:29 69.5 0.7811 39.94 0.2376
2019.08.09 10:00:30 71.14 -0.0002 39.87 0.3764
2019.08.09 10:00:30 72.0 -0.0003 39.94 0.3687
2019.08.09 10:00:31 71.86 -0.0002 40.04 0.2262
2019.08.09 10:00:31 71.28 0.0275 40.08 0.1830
2019.08.09 10:00:32 70.52 0.4240 39.94 0.2345
2019.08.09 10:00:32 69.91 0.6767 39.91 0.4259
2019.08.09 10:00:32 69.77 0.5971 40.04 0.3308
2019.08.09 10:00:33 70.04 0.1833 40.18 0.1618
2019.08.09 10:00:33 70.08 -0.0002 40.11 0.1234
2019.08.09 10:00:34 69.74 -0.0002 40.01 0.3245
2019.08.09 10:00:34 69.12 0.4042 39.97 0.3644
2019.08.09 10:00:34 68.54 0.7912 40.08 0.3089
2019.08.09 10:00:35 68.57 0.9334 40.18 0.1479
2019.08.09 10:00:35 69.56 0.4678 40.11 0.1323
2019.08.09 10:00:36 70.59 -0.0002 39.94 0.2918
2019.08.09 10:00:36 70.76 -0.0002 39.91 0.4174
2019.08.09 10:00:37 70.35 0.0358 40.08 0.2878
2019.08.09 10:00:37 69.7 0.6090 40.14 0.0718
2019.08.09 10:00:37 69.29 0.9321 40.08 0.1586
2019.08.09 10:00:38 69.77 0.8030 39.94 0.2731
2019.08.09 10:00:38 70.94 -0.0002 39.87 0.3682
2019.08.09 10:00:39 71.62 -0.0002 39.97 0.3217
2019.08.09 10:00:39 71.48 -0.0003 40.04 0.1435
2019.08.09 10:00:39 70.87 0.0265 39.97 0.1640
2019.08.09 10:00:40 70.15 0.4935 39.84 0.3103
2019.08.09 10:00:40 69.6 0.6719 39.84 0.3942
2019.08.09 10:00:41 69.56 0.5982 39.97 0.2834
2019.08.09 10:00:41 69.87 0.1523 40.08 0.1484
2019.08.09 10:00:41 69.94 -0.0002 40.01 0.1511
2019.08.09 10:00:42 69.53 0.0221 39.87 0.3311
2019.08.09 10:00:42 68.88 0.5644 39.91 0.4202
2019.08.09 10:00:43 68.47 0.9515 40.08 0.2515
2019.08.09 10:00:43 68.98 0.8910 40.18 0.1041
2019.08.09 10:00:44 70.35 0.0441 40.04 0.1448
2019.08.09 10:00:44 71.28 -0.0003 39.91 0.3850
2019.08.09 10:00:44 71.24 -0.0003 39.97 0.4013
2019.08.09 10:00:45 70.66 0.1183 40.14 0.2078
2019.08.09 10:00:45 69.98 0.6327 40.18 0.0775
2019.08.09 10:00:46 69.6 0.7977 40.04 0.1822
2019.08.09 10:00:46 69.94 0.5875 39.91 0.3661
2019.08.09 10:00:46 70.56 -0.0002 39.94 0.3757
2019.08.09 10:00:47 70.73 -0.0003 40.04 0.2236
2019.08.09 10:00:47 70.32 -0.0003 40.11 0.1397
2019.08.09 10:00:48 69.7 0.4355 40.01 0.1544
2019.08.09 10:00:48 69.12 0.7059 39.87 0.3292
2019.08.09 10:00:48 69.08 0.7970 39.84 0.3919
2019.08.09 10:00:49 69.7 0.3639 40.01 0.3037
2019.08.09 10:00:49 70.25 -0.0002 40.08 0.0952
2019.08.09 10:00:50 70.18 -0.0003 40.01 0.1739
2019.08.09 10:00:50 69.67 0.2768 39.87 0.3202
2019.08.09 10:00:51 69.05 0.7777 39.87 0.4101
2019.08.09 10:00:51 68.98 1.0185 40.01 0.2856
2019.08.09 10:00:51 69.98 0.5859 40.08 0.1371
2019.08.09 10:00:52 71.28 -0.0002 40.01 0.1898
2019.08.09 10:00:52 71.72 -0.0003 39.91 0.3328
2019.08.09 10:00:53 71.45 -0.0003 39.94 0.3807
2019.08.09 10:00:53 70.8 0.1901 40.04 0.2520
2019.08.09 10:00:53 70.08 0.5416 40.08 0.1731
2019.08.09 10:00:54 69.63 0.6773 40.01 0.2201
2019.08.09 10:00:54 69.67 0.4982 39.91 0.3313
2019.08.09 10:00:55 69.94 0.0533 39.91 0.3770
2019.08.09 10:00:55 69.84 -0.0002 40.04 0.2895
2019.08.09 10:00:55 69.32 0.1917 40.11 0.1439
2019.08.09 10:00:56 68.71 0.6986 40.01 0.1900
2019.08.09 10:00:56 68.47 0.9526 39.91 0.3617
2019.08.09 10:00:57 69.26 0.7515 39.97 0.3792
2019.08.09 10:00:57 70.46 -0.0003 40.11 0.2230
2019.08.09 10:00:58 71.07 -0.0003 40.11 0.1174
2019.08.09 10:00:58 70.87 -0.0003 40.01 0.2487
2019.08.09 10:00:58 70.25 0.3526 39.94 0.3580
2019.08.09 10:00:59 69.63 0.7914 39.97 0.3373
2019.08.09 10:00:59 69.56 0.8787 40.08 0.2407
2019.08.09 10:01:00 70.39 0.3974 40.11 0.1471
2019.08.09 10:01:00 71.21 -0.0003 39.97 0.2108
2019.08.09 10:01:00 71.24 -0.0002 39.87 0.3955
2019.08.09 10:01:01 70.8 -0.0003 39.97 0.3762
2019.08.09 10:01:01 70.11 0.3607 40.11 0.1683
2019.08.09 10:01:02 69.46 0.6505 40.11 0.1112
2019.08.09 10:01:02 69.29 0.7194 39.94 0.2362
2019.08.09 10:01:02 69.67 0.3372 39.84 0.4199
2019.08.09 10:01:03 69.98 -0.0003 39.94 0.3768
2019.08.09 10:01:03 69.8 -0.0003 40.11 0.1766
2019.08.09 10:01:04 69.22 0.3500 40.11 0.0807
2019.08.09 10:01:04 68.67 0.8473 39.94 0.2416
2019.08.09 10:01:05 68.71 0.9881 39.87 0.4270
2019.08.09 10:01:05 69.91 0.5254 39.97 0.3483
2019.08.09 10:01:05 71.11 -0.0002 40.11 0.1783
2019.08.09 10:01:06 71.48 -0.0003 40.11 0.1105
2019.08.09 10:01:06 71.14 -0.0003 39.97 0.2424
2019.08.09 10:01:07 70.49 0.3724 39.87 0.3996
2019.08.09 10:01:07 69.87 0.6767 39.97 0.3754
2019.08.09 10:01:07 69.7 0.7209 40.14 0.1764
2019.08.09 10:01:08 70.08 0.3322 40.14 0.0812
2019.08.09 10:01:08 70.42 -0.0003 39.97 0.2316
2019.08.09 10:01:09 70.25 -0.0002 39.87 0.4208
2019.08.09 10:01:09 69.67 0.2244 40.01 0.3715
2019.08.09 10:01:09 69.02 0.6924 40.14 0.1233
2019.08.09 10:01:10 68.78 0.9078 40.11 0.1079
2019.08.09 10:01:10 69.43 0.6433 39.97 0.2546
2019.08.09 10:01:11 70.42 -0.0002 39.84 0.3759
2019.08.09 10:01:11 70.8 -0.0003 39.91 0.3975
2019.08.09 10:01:12 70.49 -0.0002 40.04 0.1973
2019.08.09 10:01:12 69.87 0.4644 40.11 0.1216
2019.08.09 10:01:12 69.32 0.8213 39.97 0.1686
2019.08.09 10:01:13 69.43 0.8658 39.8 0.3866
2019.08.09 10:01:13 70.39 0.2704 39.87 0.4481
2019.08.09 10:01:14 71.11 -0.0003 40.11 0.2233
2019.08.09 10:01:14 71.04 -0.0003 40.18 0.0183
2019.08.09 10:01:14 70.52 0.0782 40.08 0.1661
2019.08.09 10:01:15 69.77 0.5159 39.91 0.3350
2019.08.09 10:01:15 69.29 0.8273 39.91 0.4259
2019.08.09 10:01:16 69.5 0.6762 40.11 0.2712
2019.08.09 10:01:16 70.22 0.0384 40.18 0.0501
2019.08.09 10:01:16 70.56 -0.0003 40.08 0.1533
2019.08.09 10:01:17 70.25 -0.0003 39.94 0.3232
2019.08.09 10:01:17 69.67 0.3938 39.94 0.3833
2019.08.09 10:01:18 69.05 0.7208 40.04 0.2473
2019.08.09 10:01:18 69.02 0.8994 40.08 0.1385
2019.08.09 10:01:19 69.77 0.4221 39.97 0.1845
2019.08.09 10:01:19 70.59 -0.0003 39.87 0.3416
2019.08.09 10:01:19 70.66 -0.0003 39.87 0.3569
2019.08.09 10:01:20 70.22 0.0782 39.97 0.2676
2019.08.09 10:01:20 69.56 0.5949 40.01 0.1644
2019.08.09 10:01:21 69.12 0.9069 39.94 0.2172
2019.08.09 10:01:21 69.56 0.8146 39.87 0.3340
2019.08.09 10:01:21 70.66 -0.0003 39.87 0.3522
2019.08.09 10:01:22 71.35 -0.0003 39.94 0.2957
2019.08.09 10:01:22 71.21 -0.0003 40.04 0.2231
2019.08.09 10:01:23 70.66 0.1068 40.01 0.1794
2019.08.09 10:01:23 69.94 0.4946 39.91 0.3114
2019.08.09 10:01:23 69.43 0.7318 39.91 0.3957
2019.08.09 10:01:24 69.46 0.6263 40.08 0.3076
2019.08.09 10:01:24 69.94 0.1550 40.18 0.1204
2019.08.09 10:01:25 70.11 -0.0003 40.11 0.1639
2019.08.09 10:01:25 69.8 -0.0003 39.97 0.3264
2019.08.09 10:01:26 69.15 0.4742 39.97 0.4144
2019.08.09 10:01:26 68.67 0.9225 40.14 0.2757
2019.08.09 10:01:26 68.98 0.9153 40.21 0.0846
2019.08.09 10:01:27 70.28 0.2156 40.11 0.1555
2019.08.09 10:01:27 71.28 -0.0002 39.94 0.3182
2019.08.09 10:01:28 71.24 -0.0003 39.94 0.4146
2019.08.09 10:01:28 70.73 0.1005 40.08 0.2497
2019.08.09 10:01:28 70.01 0.5369 40.11 0.0954
2019.08.09 10:01:29 69.53 0.8086 40.01 0.1881
2019.08.09 10:01:29 69.74 0.6669 39.87 0.3215
2019.08.09 10:01:30 70.42 0.0091 39.84 0.3845
2019.08.09 10:01:30 70.7 -0.0002 39.91 0.2959
2019.08.09 10:01:30 70.35 -0.0003 39.97 0.1974
2019.08.09 10:01:31 69.74 0.3792 39.94 0.2039
2019.08.09 10:01:31 69.12 0.7012 39.8 0.3009
2019.08.09 10:01:32 68.98 0.8394 39.77 0.4363
2019.08.09 10:01:32 69.63 0.4804 39.94 0.3535
2019.08.09 10:01:33 70.32 -0.0003 40.11 0.1500
2019.08.09 10:01:33 70.39 -0.0002 40.08 0.1172
2019.08.09 10:01:33 69.91 0.1105 39.91 0.3140
2019.08.09 10:01:34 69.22 0.6965 39.84 0.4714
2019.08.09 10:01:34 68.91 1.0292 40.04 0.3957
2019.08.09 10:01:35 69.77 0.7879 40.28 0.1153
2019.08.09 10:01:35 71.18 -0.0002 40.25 0.0291
2019.08.09 10:01:35 71.93 -0.0003 40.04 0.2709
2019.08.09 10:01:36 71.72 -0.0003 39.91 0.4687
2019.08.09 10:01:36 71.07 0.0560 40.04 0.4092
2019.08.09 10:01:37 70.22 0.5145 40.25 0.1380
2019.08.09 10:01:37 69.6 0.7970 40.18 0.0180
2019.08.09 10:01:38 69.67 0.6637 39.97 0.2792
2019.08.09 10:01:38 70.25 0.0274 39.87 0.4361
